#HPF:
#process: 1 arrived at 8
#ReadyQueue has 1 processes
At time 8 process 1 started arr 8 total 27 remain 27 wait 0
#process: 2 arrived at 14
#ReadyQueue has 1 processes
#process: 3 arrived at 14
#ReadyQueue has 2 processes
At time 14 process 1 stopped arr 8 total 27 remain 21 wait 0
At time 14 process 2 started arr 14 total 6 remain 6 wait 0
#process: 4 arrived at 17
#ReadyQueue has 3 processes
#process: 5 arrived at 20
#ReadyQueue has 4 processes
#Recieved Termination message.
At time 20 process 2 finished arr 14 total 6 remain 0 wait 0
At time 20 process 4 started arr 17 total 24 remain 24 wait 0
At time 44 process 4 finished arr 17 total 24 remain 0 wait 0
At time 44 process 1 resumed arr 8 total 27 remain 21 wait 0
At time 64 process 1 finished arr 8 total 27 remain 1 wait 0
At time 64 process 5 started arr 20 total 17 remain 17 wait 0
At time 81 process 5 finished arr 20 total 17 remain 0 wait 0
At time 81 process 3 started arr 14 total 1 remain 1 wait 0
At time 82 process 3 finished arr 14 total 1 remain 0 wait 0
#ReadyQueue has 0 processes
